<?xml version="1.0" encoding="UTF-8"?>
<!-- Generated by org.testng.reporters.JUnitXMLReporter -->
<testsuite ignored="0" hostname="DESKTOP-UG71NEM" failures="1" tests="2" name="Test" time="55.885" errors="0" timestamp="2024-02-11T09:55:41 IST">
  <testcase classname="FailTestCases.TC_01_FailedLoginTest" name="loginTest" time="14.069">
    <failure type="java.lang.AssertionError" message="expected [true] but found [false]">
      <![CDATA[java.lang.AssertionError: expected [true] but found [false]
at FailTestCases.TC_01_FailedLoginTest.loginTest(TC_01_FailedLoginTest.java:31)
at java.base/java.util.ArrayList.forEach(ArrayList.java:1541)
... Removed 31 stack frames]]>
    </failure>
  </testcase> <!-- loginTest -->
  <testcase classname="PassTestCases.TC_01_LoginTest" name="loginTest" time="28.837"/>
</testsuite> <!-- Test -->
