<?xml version="1.0" encoding="UTF-8"?>
<testng-results ignored="0" total="1" passed="1" failed="0" skipped="0">
  <reporter-output>
  </reporter-output>
  <suite started-at="2024-02-11T10:25:04 IST" name="Suite" finished-at="2024-02-11T10:25:47 IST" duration-ms="43493">
    <groups>
    </groups>
    <test started-at="2024-02-11T10:25:04 IST" name="Test" finished-at="2024-02-11T10:25:47 IST" duration-ms="43493">
      <class name="PassTestCases.TC_01_LoginTest">
        <test-method is-config="true" signature="setup()[pri:0, instance:PassTestCases.TC_01_LoginTest@49049a04]" started-at="2024-02-11T10:25:04 IST" name="setup" finished-at="2024-02-11T10:25:13 IST" duration-ms="8909" status="PASS">
          <reporter-output>
          </reporter-output>
        </test-method> <!-- setup -->
        <test-method signature="loginTest()[pri:0, instance:PassTestCases.TC_01_LoginTest@49049a04]" started-at="2024-02-11T10:25:13 IST" name="loginTest" finished-at="2024-02-11T10:25:46 IST" duration-ms="33345" status="PASS">
          <reporter-output>
          </reporter-output>
        </test-method> <!-- loginTest -->
        <test-method is-config="true" signature="tearUp()[pri:0, instance:PassTestCases.TC_01_LoginTest@49049a04]" started-at="2024-02-11T10:25:47 IST" name="tearUp" finished-at="2024-02-11T10:25:47 IST" duration-ms="602" status="PASS">
          <reporter-output>
          </reporter-output>
        </test-method> <!-- tearUp -->
      </class> <!-- PassTestCases.TC_01_LoginTest -->
    </test> <!-- Test -->
  </suite> <!-- Suite -->
</testng-results>
